<?xml version="1.0" encoding="UTF-8"?>
<!-- Generated by org.testng.reporters.JUnitReportReporter -->
<testsuite hostname="DESKTOP-BSE1BNU" failures="0" tests="2" name="com.automationpractice.test.ResultPageTest" time="3.661" errors="0" timestamp="12 Oct 2020 02:01:31 GMT" skipped="0">
  <testcase classname="com.automationpractice.test.ResultPageTest" name="resultsDisplayCheck" time="0.075"/>
  <testcase classname="com.automationpractice.test.ResultPageTest" name="selectProduct" time="3.586"/>
</testsuite> <!-- com.automationpractice.test.ResultPageTest -->
