<?xml version="1.0" encoding="UTF-8"?>
<!-- Generated by org.testng.reporters.JUnitReportReporter -->
<testsuite hostname="DESKTOP-BSE1BNU" failures="0" tests="4" name="com.automationpractice.test.HomePageTest" time="12.459" errors="0" timestamp="12 Oct 2020 02:04:04 GMT" skipped="0">
  <testcase classname="com.automationpractice.test.HomePageTest" name="verifyPageTitle" time="0.027"/>
  <testcase classname="com.automationpractice.test.HomePageTest" name="autoSuggestCheck" time="1.563"/>
  <testcase classname="com.automationpractice.test.HomePageTest" name="signInLink" time="0.122"/>
  <testcase classname="com.automationpractice.test.HomePageTest" name="LogniInCheck" time="10.747"/>
</testsuite> <!-- com.automationpractice.test.HomePageTest -->
